[ 2016-06-10T18:21:20+08:00 ] 127.0.0.1 /
INFO: [ app_init ] --START--
INFO: Run Behavior\BuildLiteBehavior [ RunTime:0.000017s ]
INFO: [ app_init ] --END-- [ RunTime:0.001206s ]
INFO: [ app_begin ] --START--
INFO: Run Behavior\ReadHtmlCacheBehavior [ RunTime:0.001294s ]
INFO: [ app_begin ] --END-- [ RunTime:0.001373s ]
SQL: SHOW COLUMNS FROM `hf_designer` [ RunTime:0.1080s ]
SQL: SELECT * FROM `hf_designer`  [ RunTime:0.0152s ]
SQL: SHOW COLUMNS FROM `hf_furniture` [ RunTime:0.0139s ]
SQL: SELECT * FROM `hf_furniture`  [ RunTime:0.0010s ]
INFO: [ view_parse ] --START--
INFO: [ template_filter ] --START--
INFO: Run Behavior\ContentReplaceBehavior [ RunTime:0.000340s ]
INFO: [ template_filter ] --END-- [ RunTime:0.000493s ]
NOTIC: [8] Undefined index: name F:\Home\Runtime\Cache\Home\59a59938b21dbe40b159d37f90e797e7.php 第 57 行.
NOTIC: [8] Undefined variable: desshow F:\Home\Runtime\Cache\Home\59a59938b21dbe40b159d37f90e797e7.php 第 230 行.
INFO: Run Behavior\ParseTemplateBehavior [ RunTime:0.143833s ]
INFO: [ view_parse ] --END-- [ RunTime:0.144085s ]
INFO: [ view_filter ] --START--
INFO: Run Behavior\WriteHtmlCacheBehavior [ RunTime:0.048365s ]
INFO: [ view_filter ] --END-- [ RunTime:0.048603s ]
INFO: [ app_end ] --START--
INFO: Run Behavior\ShowPageTraceBehavior [ RunTime:0.022274s ]
INFO: [ app_end ] --END-- [ RunTime:0.022650s ]

[ 2016-06-10T23:39:43+08:00 ] 127.0.0.1 /
INFO: [ app_init ] --START--
INFO: Run Behavior\BuildLiteBehavior [ RunTime:0.000017s ]
INFO: [ app_init ] --END-- [ RunTime:0.000460s ]
INFO: [ app_begin ] --START--
INFO: Run Behavior\ReadHtmlCacheBehavior [ RunTime:0.000551s ]
INFO: [ app_begin ] --END-- [ RunTime:0.000607s ]
ERR: SQLSTATE[28000] [1045] Access denied for user 'root'@'localhost' (using password: YES)

[ 2016-06-10T23:42:18+08:00 ] 127.0.0.1 /
INFO: [ app_init ] --START--
INFO: Run Behavior\BuildLiteBehavior [ RunTime:0.000019s ]
INFO: [ app_init ] --END-- [ RunTime:0.000510s ]
INFO: [ app_begin ] --START--
INFO: Run Behavior\ReadHtmlCacheBehavior [ RunTime:0.000661s ]
INFO: [ app_begin ] --END-- [ RunTime:0.000723s ]
SQL: SHOW COLUMNS FROM `hf_designer` [ RunTime:0.0139s ]
SQL: SELECT * FROM `hf_designer`  [ RunTime:0.0008s ]
SQL: SHOW COLUMNS FROM `hf_furniture` [ RunTime:0.0115s ]
SQL: SELECT * FROM `hf_furniture`  [ RunTime:0.0013s ]
INFO: [ view_parse ] --START--
INFO: [ template_filter ] --START--
INFO: Run Behavior\ContentReplaceBehavior [ RunTime:0.000183s ]
INFO: [ template_filter ] --END-- [ RunTime:0.000266s ]
NOTIC: [8] Undefined index: name E:\Home-master\Runtime\Cache\Home\51d3954cbf8a865ce2611e34d1020f09.php 第 57 行.
NOTIC: [8] Undefined variable: desshow E:\Home-master\Runtime\Cache\Home\51d3954cbf8a865ce2611e34d1020f09.php 第 230 行.
INFO: Run Behavior\ParseTemplateBehavior [ RunTime:0.018996s ]
INFO: [ view_parse ] --END-- [ RunTime:0.019112s ]
INFO: [ view_filter ] --START--
INFO: Run Behavior\WriteHtmlCacheBehavior [ RunTime:0.000576s ]
INFO: [ view_filter ] --END-- [ RunTime:0.000646s ]
INFO: [ app_end ] --START--
INFO: Run Behavior\ShowPageTraceBehavior [ RunTime:0.001180s ]
INFO: [ app_end ] --END-- [ RunTime:0.001311s ]

